0 verbose cli C:\Program Files\nodejs\node.exe C:\Users\Sergey\AppData\Roaming\npm\node_modules\npm\bin\npm-cli.js
1 info using npm@8.13.2
2 info using node@v18.7.0
3 timing npm:load:whichnode Completed in 1ms
4 timing config:load:defaults Completed in 4ms
5 timing config:load:file:C:\Users\Sergey\AppData\Roaming\npm\node_modules\npm\npmrc Completed in 13ms
6 timing config:load:builtin Completed in 14ms
7 timing config:load:cli Completed in 3ms
8 timing config:load:env Completed in 1ms
9 timing config:load:file:C:\111\.npmrc Completed in 0ms
10 timing config:load:project Completed in 2ms
11 timing config:load:file:C:\Users\Sergey\.npmrc Completed in 1ms
12 timing config:load:user Completed in 1ms
13 timing config:load:file:C:\Users\Sergey\AppData\Roaming\npm\etc\npmrc Completed in 1ms
14 timing config:load:global Completed in 1ms
15 timing config:load:validate Completed in 1ms
16 timing config:load:credentials Completed in 1ms
17 timing config:load:setEnvs Completed in 4ms
18 timing config:load Completed in 32ms
19 timing npm:load:configload Completed in 32ms
20 timing npm:load:mkdirpcache Completed in 2ms
21 timing npm:load:mkdirplogs Completed in 1ms
22 verbose title npm run dev
23 verbose argv "run" "dev"
24 timing npm:load:setTitle Completed in 2ms
25 timing config:load:flatten Completed in 4ms
26 timing npm:load:display Completed in 8ms
27 verbose logfile logs-max:10 dir:C:\111\dist\rest\UsersUsernodejsnpm-cache\_logs
28 verbose logfile C:\111\dist\rest\UsersUsernodejsnpm-cache\_logs\2024-10-08T09_29_35_049Z-debug-0.log
29 timing npm:load:logFile Completed in 17ms
30 timing npm:load:timers Completed in 1ms
31 timing npm:load:configScope Completed in 0ms
32 timing npm:load Completed in 64ms
33 silly logfile done cleaning log files
34 timing command:run Completed in 106ms
35 verbose stack Error: Missing script: "dev"
35 verbose stack
35 verbose stack To see a list of scripts, run:
35 verbose stack   npm run
35 verbose stack     at RunScript.run (C:\Users\Sergey\AppData\Roaming\npm\node_modules\npm\lib\commands\run-script.js:98:13)
35 verbose stack     at async module.exports (C:\Users\Sergey\AppData\Roaming\npm\node_modules\npm\lib\cli.js:78:5)
36 verbose cwd C:\111\dist\rest
37 verbose Windows_NT 10.0.17763
38 verbose node v18.7.0
39 verbose npm  v8.13.2
40 error Missing script: "dev"
40 error
40 error To see a list of scripts, run:
40 error   npm run
41 verbose exit 1
42 timing npm Completed in 201ms
43 verbose code 1
44 error A complete log of this run can be found in:
44 error     C:\111\dist\rest\UsersUsernodejsnpm-cache\_logs\2024-10-08T09_29_35_049Z-debug-0.log
