0 verbose cli C:\Program Files\nodejs\node.exe C:\Users\Sergey\AppData\Roaming\npm\node_modules\npm\bin\npm-cli.js
1 info using npm@8.13.2
2 info using node@v18.7.0
3 timing npm:load:whichnode Completed in 1ms
4 timing config:load:defaults Completed in 2ms
5 timing config:load:file:C:\Users\Sergey\AppData\Roaming\npm\node_modules\npm\npmrc Completed in 11ms
6 timing config:load:builtin Completed in 11ms
7 timing config:load:cli Completed in 2ms
8 timing config:load:env Completed in 1ms
9 timing config:load:file:C:\111\.npmrc Completed in 0ms
10 timing config:load:project Completed in 2ms
11 timing config:load:file:C:\Users\Sergey\.npmrc Completed in 0ms
12 timing config:load:user Completed in 1ms
13 timing config:load:file:C:\Users\Sergey\AppData\Roaming\npm\etc\npmrc Completed in 1ms
14 timing config:load:global Completed in 1ms
15 timing config:load:validate Completed in 0ms
16 timing config:load:credentials Completed in 1ms
17 timing config:load:setEnvs Completed in 2ms
18 timing config:load Completed in 23ms
19 timing npm:load:configload Completed in 23ms
20 timing npm:load:mkdirpcache Completed in 1ms
21 timing npm:load:mkdirplogs Completed in 0ms
22 verbose title npm run build
23 verbose argv "run" "build"
24 timing npm:load:setTitle Completed in 2ms
25 timing config:load:flatten Completed in 4ms
26 timing npm:load:display Completed in 6ms
27 verbose logfile logs-max:10 dir:C:\111\dist\rest\UsersUsernodejsnpm-cache\_logs
28 verbose logfile C:\111\dist\rest\UsersUsernodejsnpm-cache\_logs\2024-10-08T09_30_10_837Z-debug-0.log
29 timing npm:load:logFile Completed in 6ms
30 timing npm:load:timers Completed in 0ms
31 timing npm:load:configScope Completed in 0ms
32 timing npm:load Completed in 40ms
33 silly logfile done cleaning log files
34 http fetch GET 200 https://registry.npmjs.org/npm 312ms (cache miss)
35 timing command:run Completed in 2559ms
36 notice
36 notice New [31mmajor[39m version of npm available! [31m8.13.2[39m -> [32m10.9.0[39m
36 notice Changelog: [36mhttps://github.com/npm/cli/releases/tag/v10.9.0[39m
36 notice Run [32mnpm install -g npm@10.9.0[39m to update!
36 notice
37 verbose exit 0
38 timing npm Completed in 2615ms
39 info ok
